{"level":"\u001b[32minfo\u001b[39m","message":"{\"method\":\"GET\",\"url\":\"/api/v1/users/checkAuth\",\"status\":\"304\",\"responseTime\":\"131.108\"}","timestamp":"2025-03-29T15:32:33.149Z"}
{"level":"\u001b[32minfo\u001b[39m","message":"{\"method\":\"GET\",\"url\":\"/api/v1/users/checkAuth\",\"status\":\"304\",\"responseTime\":\"116.759\"}","timestamp":"2025-03-29T15:32:33.268Z"}
{"level":"\u001b[32minfo\u001b[39m","message":"{\"method\":\"GET\",\"url\":\"/api/v1/ideas/getUserIdeas\",\"status\":\"304\",\"responseTime\":\"238.047\"}","timestamp":"2025-03-29T15:32:33.405Z"}
{"level":"\u001b[32minfo\u001b[39m","message":"{\"method\":\"GET\",\"url\":\"/api/v1/ideas/getUserIdeas\",\"status\":\"304\",\"responseTime\":\"566.656\"}","timestamp":"2025-03-29T15:32:33.973Z"}
{"level":"\u001b[32minfo\u001b[39m","message":"{\"method\":\"GET\",\"url\":\"/api/v1/users/checkAuth\",\"status\":\"304\",\"responseTime\":\"87.262\"}","timestamp":"2025-03-29T15:33:22.957Z"}
{"level":"\u001b[32minfo\u001b[39m","message":"{\"method\":\"GET\",\"url\":\"/api/v1/users/checkAuth\",\"status\":\"304\",\"responseTime\":\"78.859\"}","timestamp":"2025-03-29T15:33:23.037Z"}
{"level":"\u001b[32minfo\u001b[39m","message":"{\"method\":\"GET\",\"url\":\"/api/v1/ideas/getUserIdeas\",\"status\":\"304\",\"responseTime\":\"223.383\"}","timestamp":"2025-03-29T15:33:23.206Z"}
{"level":"\u001b[32minfo\u001b[39m","message":"{\"method\":\"GET\",\"url\":\"/api/v1/ideas/getUserIdeas\",\"status\":\"304\",\"responseTime\":\"253.196\"}","timestamp":"2025-03-29T15:33:23.460Z"}
{"level":"\u001b[32minfo\u001b[39m","message":"{\"method\":\"GET\",\"url\":\"/api/v1/ideas/getIdeas\",\"status\":\"304\",\"responseTime\":\"146.429\"}","timestamp":"2025-03-29T15:33:37.404Z"}
{"level":"\u001b[32minfo\u001b[39m","message":"{\"method\":\"GET\",\"url\":\"/api/v1/ideas/getIdeas\",\"status\":\"304\",\"responseTime\":\"143.225\"}","timestamp":"2025-03-29T15:33:37.549Z"}
{"level":"\u001b[32minfo\u001b[39m","message":"{\"method\":\"GET\",\"url\":\"/api/v1/ideas/getUserIdeas\",\"status\":\"304\",\"responseTime\":\"215.711\"}","timestamp":"2025-03-29T15:34:09.392Z"}
{"level":"\u001b[32minfo\u001b[39m","message":"{\"method\":\"GET\",\"url\":\"/api/v1/ideas/getUserIdeas\",\"status\":\"304\",\"responseTime\":\"227.678\"}","timestamp":"2025-03-29T15:34:09.621Z"}
{"level":"\u001b[32minfo\u001b[39m","message":"{\"method\":\"GET\",\"url\":\"/api/v1/ideas/getIdeas\",\"status\":\"304\",\"responseTime\":\"142.765\"}","timestamp":"2025-03-29T15:34:45.191Z"}
{"level":"\u001b[32minfo\u001b[39m","message":"{\"method\":\"GET\",\"url\":\"/api/v1/ideas/getIdeas\",\"status\":\"304\",\"responseTime\":\"168.379\"}","timestamp":"2025-03-29T15:34:45.361Z"}
{"level":"\u001b[32minfo\u001b[39m","message":"{\"method\":\"GET\",\"url\":\"/api/v1/ideas/getUserIdeas\",\"status\":\"304\",\"responseTime\":\"222.808\"}","timestamp":"2025-03-29T15:34:46.590Z"}
{"level":"\u001b[32minfo\u001b[39m","message":"{\"method\":\"GET\",\"url\":\"/api/v1/ideas/getUserIdeas\",\"status\":\"304\",\"responseTime\":\"227.138\"}","timestamp":"2025-03-29T15:34:46.819Z"}
{"level":"\u001b[32minfo\u001b[39m","message":"{\"method\":\"GET\",\"url\":\"/api/v1/users/checkAuth\",\"status\":\"304\",\"responseTime\":\"73.819\"}","timestamp":"2025-03-29T15:36:16.519Z"}
{"level":"\u001b[32minfo\u001b[39m","message":"{\"method\":\"GET\",\"url\":\"/api/v1/users/checkAuth\",\"status\":\"304\",\"responseTime\":\"65.732\"}","timestamp":"2025-03-29T15:36:16.586Z"}
{"level":"\u001b[32minfo\u001b[39m","message":"{\"method\":\"GET\",\"url\":\"/api/v1/ideas/getUserIdeas\",\"status\":\"304\",\"responseTime\":\"225.061\"}","timestamp":"2025-03-29T15:36:16.663Z"}
{"level":"\u001b[32minfo\u001b[39m","message":"{\"method\":\"GET\",\"url\":\"/api/v1/ideas/getUserIdeas\",\"status\":\"304\",\"responseTime\":\"217.596\"}","timestamp":"2025-03-29T15:36:16.882Z"}
{"level":"\u001b[32minfo\u001b[39m","message":"{\"method\":\"GET\",\"url\":\"/api/v1/ideas/getUserIdeas\",\"status\":\"304\",\"responseTime\":\"266.036\"}","timestamp":"2025-03-29T15:36:17.150Z"}
{"level":"\u001b[32minfo\u001b[39m","message":"{\"method\":\"GET\",\"url\":\"/api/v1/ideas/getUserIdeas\",\"status\":\"304\",\"responseTime\":\"213.923\"}","timestamp":"2025-03-29T15:36:17.365Z"}
{"level":"\u001b[32minfo\u001b[39m","message":"{\"method\":\"GET\",\"url\":\"/api/v1/users/checkAuth\",\"status\":\"304\",\"responseTime\":\"97.403\"}","timestamp":"2025-03-29T15:38:59.530Z"}
{"level":"\u001b[32minfo\u001b[39m","message":"{\"method\":\"GET\",\"url\":\"/api/v1/users/checkAuth\",\"status\":\"304\",\"responseTime\":\"85.697\"}","timestamp":"2025-03-29T15:38:59.617Z"}
{"level":"\u001b[32minfo\u001b[39m","message":"{\"method\":\"GET\",\"url\":\"/api/v1/ideas/getUserIdeas\",\"status\":\"304\",\"responseTime\":\"261.866\"}","timestamp":"2025-03-29T15:38:59.692Z"}
{"level":"\u001b[32minfo\u001b[39m","message":"{\"method\":\"GET\",\"url\":\"/api/v1/ideas/getUserIdeas\",\"status\":\"304\",\"responseTime\":\"222.450\"}","timestamp":"2025-03-29T15:38:59.916Z"}
{"level":"\u001b[32minfo\u001b[39m","message":"{\"method\":\"GET\",\"url\":\"/api/v1/ideas/getUserIdeas\",\"status\":\"304\",\"responseTime\":\"255.718\"}","timestamp":"2025-03-29T15:39:00.174Z"}
{"level":"\u001b[32minfo\u001b[39m","message":"{\"method\":\"GET\",\"url\":\"/api/v1/ideas/getUserIdeas\",\"status\":\"304\",\"responseTime\":\"232.054\"}","timestamp":"2025-03-29T15:39:00.407Z"}
{"level":"\u001b[32minfo\u001b[39m","message":"{\"method\":\"DELETE\",\"url\":\"/api/v1/ideas/deleteIdea/67e576486af9c67219b09c6d\",\"status\":\"200\",\"responseTime\":\"550.942\"}","timestamp":"2025-03-29T15:40:19.812Z"}
{"level":"\u001b[32minfo\u001b[39m","message":"{\"method\":\"GET\",\"url\":\"/api/v1/users/checkAuth\",\"status\":\"200\",\"responseTime\":\"68.040\"}","timestamp":"2025-03-29T15:40:27.954Z"}
{"level":"\u001b[32minfo\u001b[39m","message":"{\"method\":\"GET\",\"url\":\"/api/v1/users/checkAuth\",\"status\":\"304\",\"responseTime\":\"80.505\"}","timestamp":"2025-03-29T15:40:28.036Z"}
{"level":"\u001b[32minfo\u001b[39m","message":"{\"method\":\"GET\",\"url\":\"/api/v1/ideas/getUserIdeas\",\"status\":\"200\",\"responseTime\":\"211.647\"}","timestamp":"2025-03-29T15:40:28.179Z"}
{"level":"\u001b[32minfo\u001b[39m","message":"{\"method\":\"GET\",\"url\":\"/api/v1/ideas/getUserIdeas\",\"status\":\"304\",\"responseTime\":\"237.902\"}","timestamp":"2025-03-29T15:40:28.418Z"}
{"level":"\u001b[32minfo\u001b[39m","message":"{\"method\":\"GET\",\"url\":\"/api/v1/users/checkAuth\",\"status\":\"304\",\"responseTime\":\"68.396\"}","timestamp":"2025-03-29T15:41:47.414Z"}
{"level":"\u001b[32minfo\u001b[39m","message":"{\"method\":\"GET\",\"url\":\"/api/v1/users/checkAuth\",\"status\":\"304\",\"responseTime\":\"84.829\"}","timestamp":"2025-03-29T15:41:47.500Z"}
{"level":"\u001b[32minfo\u001b[39m","message":"{\"method\":\"GET\",\"url\":\"/api/v1/ideas/getUserIdeas\",\"status\":\"304\",\"responseTime\":\"228.306\"}","timestamp":"2025-03-29T15:41:47.654Z"}
{"level":"\u001b[32minfo\u001b[39m","message":"{\"method\":\"GET\",\"url\":\"/api/v1/ideas/getUserIdeas\",\"status\":\"304\",\"responseTime\":\"220.822\"}","timestamp":"2025-03-29T15:41:47.876Z"}
{"level":"\u001b[32minfo\u001b[39m","message":"{\"method\":\"DELETE\",\"url\":\"/api/v1/ideas/deleteIdea/67e7f770168a8013e3540436\",\"status\":\"200\",\"responseTime\":\"354.441\"}","timestamp":"2025-03-29T15:41:50.295Z"}
{"level":"\u001b[32minfo\u001b[39m","message":"{\"method\":\"GET\",\"url\":\"/api/v1/users/checkAuth\",\"status\":\"200\",\"responseTime\":\"71.609\"}","timestamp":"2025-03-29T15:43:22.194Z"}
{"level":"\u001b[32minfo\u001b[39m","message":"{\"method\":\"GET\",\"url\":\"/api/v1/users/checkAuth\",\"status\":\"304\",\"responseTime\":\"62.453\"}","timestamp":"2025-03-29T15:43:22.259Z"}
{"level":"\u001b[32minfo\u001b[39m","message":"{\"method\":\"GET\",\"url\":\"/api/v1/ideas/getUserIdeas\",\"status\":\"200\",\"responseTime\":\"227.105\"}","timestamp":"2025-03-29T15:43:22.434Z"}
{"level":"\u001b[32minfo\u001b[39m","message":"{\"method\":\"GET\",\"url\":\"/api/v1/ideas/getUserIdeas\",\"status\":\"304\",\"responseTime\":\"240.714\"}","timestamp":"2025-03-29T15:43:22.676Z"}
{"level":"\u001b[32minfo\u001b[39m","message":"{\"method\":\"DELETE\",\"url\":\"/api/v1/ideas/deleteIdea/67e5763c6af9c67219b09c67\",\"status\":\"200\",\"responseTime\":\"324.636\"}","timestamp":"2025-03-29T15:43:24.636Z"}
{"level":"\u001b[32minfo\u001b[39m","message":"{\"method\":\"GET\",\"url\":\"/api/v1/ideas/getIdeas\",\"status\":\"200\",\"responseTime\":\"157.880\"}","timestamp":"2025-03-29T15:43:44.708Z"}
{"level":"\u001b[32minfo\u001b[39m","message":"{\"method\":\"GET\",\"url\":\"/api/v1/ideas/getIdeas\",\"status\":\"304\",\"responseTime\":\"140.615\"}","timestamp":"2025-03-29T15:43:44.850Z"}
{"level":"\u001b[32minfo\u001b[39m","message":"{\"method\":\"GET\",\"url\":\"/api/v1/ideas/getIdea/67e8078b168a8013e35405fb\",\"status\":\"304\",\"responseTime\":\"156.785\"}","timestamp":"2025-03-29T15:45:04.820Z"}
{"level":"\u001b[32minfo\u001b[39m","message":"{\"method\":\"GET\",\"url\":\"/api/v1/ideas/getIdea/67e8078b168a8013e35405fb\",\"status\":\"304\",\"responseTime\":\"164.742\"}","timestamp":"2025-03-29T15:45:04.987Z"}
{"level":"\u001b[32minfo\u001b[39m","message":"{\"method\":\"PUT\",\"url\":\"/api/v1/ideas/toggleIdeaLike/67e8078b168a8013e35405fb\",\"status\":\"200\",\"responseTime\":\"256.889\"}","timestamp":"2025-03-29T15:45:06.196Z"}
{"level":"\u001b[32minfo\u001b[39m","message":"{\"method\":\"GET\",\"url\":\"/api/v1/ideas/getIdeas\",\"status\":\"200\",\"responseTime\":\"141.788\"}","timestamp":"2025-03-29T15:45:07.860Z"}
{"level":"\u001b[32minfo\u001b[39m","message":"{\"method\":\"GET\",\"url\":\"/api/v1/ideas/getIdeas\",\"status\":\"304\",\"responseTime\":\"158.200\"}","timestamp":"2025-03-29T15:45:08.020Z"}
{"level":"\u001b[32minfo\u001b[39m","message":"{\"method\":\"GET\",\"url\":\"/api/v1/ideas/getIdea/67e8078b168a8013e35405fb\",\"status\":\"200\",\"responseTime\":\"152.726\"}","timestamp":"2025-03-29T15:45:09.140Z"}
{"level":"\u001b[32minfo\u001b[39m","message":"{\"method\":\"GET\",\"url\":\"/api/v1/ideas/getIdea/67e8078b168a8013e35405fb\",\"status\":\"304\",\"responseTime\":\"158.741\"}","timestamp":"2025-03-29T15:45:09.300Z"}
{"level":"\u001b[32minfo\u001b[39m","message":"{\"method\":\"GET\",\"url\":\"/api/v1/ideas/getIdeas\",\"status\":\"304\",\"responseTime\":\"150.870\"}","timestamp":"2025-03-29T15:45:10.902Z"}
{"level":"\u001b[32minfo\u001b[39m","message":"{\"method\":\"GET\",\"url\":\"/api/v1/ideas/getIdeas\",\"status\":\"304\",\"responseTime\":\"157.197\"}","timestamp":"2025-03-29T15:45:11.060Z"}
{"level":"\u001b[32minfo\u001b[39m","message":"{\"method\":\"GET\",\"url\":\"/api/v1/ideas/getIdeas\",\"status\":\"304\",\"responseTime\":\"886.341\"}","timestamp":"2025-03-29T16:05:29.393Z"}
{"level":"\u001b[32minfo\u001b[39m","message":"{\"method\":\"GET\",\"url\":\"/api/v1/ideas/getIdeas\",\"status\":\"304\",\"responseTime\":\"385.064\"}","timestamp":"2025-03-29T16:09:34.827Z"}
{"level":"\u001b[32minfo\u001b[39m","message":"{\"method\":\"GET\",\"url\":\"/api/v1/users/checkAuth\",\"status\":\"200\",\"responseTime\":\"99.145\"}","timestamp":"2025-03-29T16:09:56.556Z"}
{"level":"\u001b[32minfo\u001b[39m","message":"{\"method\":\"GET\",\"url\":\"/api/v1/users/checkAuth\",\"status\":\"304\",\"responseTime\":\"69.661\"}","timestamp":"2025-03-29T16:09:56.628Z"}
{"level":"\u001b[32minfo\u001b[39m","message":"{\"method\":\"GET\",\"url\":\"/api/v1/users/checkAuth\",\"status\":\"304\",\"responseTime\":\"74.322\"}","timestamp":"2025-03-29T16:10:12.509Z"}
{"level":"\u001b[32minfo\u001b[39m","message":"{\"method\":\"GET\",\"url\":\"/api/v1/users/checkAuth\",\"status\":\"304\",\"responseTime\":\"76.566\"}","timestamp":"2025-03-29T16:10:12.589Z"}
{"level":"\u001b[32minfo\u001b[39m","message":"{\"method\":\"GET\",\"url\":\"/api/v1/users/checkAuth\",\"status\":\"304\",\"responseTime\":\"1241.457\"}","timestamp":"2025-03-29T16:10:28.676Z"}
{"level":"\u001b[32minfo\u001b[39m","message":"{\"method\":\"GET\",\"url\":\"/api/v1/users/checkAuth\",\"status\":\"304\",\"responseTime\":\"326.699\"}","timestamp":"2025-03-29T16:10:29.007Z"}
{"level":"\u001b[32minfo\u001b[39m","message":"{\"method\":\"GET\",\"url\":\"/api/v1/users/checkAuth\",\"status\":\"304\",\"responseTime\":\"208.622\"}","timestamp":"2025-03-29T16:10:33.643Z"}
{"level":"\u001b[32minfo\u001b[39m","message":"{\"method\":\"GET\",\"url\":\"/api/v1/users/checkAuth\",\"status\":\"304\",\"responseTime\":\"179.817\"}","timestamp":"2025-03-29T16:10:33.826Z"}
{"level":"\u001b[32minfo\u001b[39m","message":"{\"method\":\"GET\",\"url\":\"/api/v1/users/checkAuth\",\"status\":\"304\",\"responseTime\":\"176.869\"}","timestamp":"2025-03-29T16:10:34.628Z"}
{"level":"\u001b[32minfo\u001b[39m","message":"{\"method\":\"GET\",\"url\":\"/api/v1/users/checkAuth\",\"status\":\"304\",\"responseTime\":\"424.962\"}","timestamp":"2025-03-29T16:10:35.055Z"}
{"level":"\u001b[32minfo\u001b[39m","message":"{\"method\":\"GET\",\"url\":\"/api/v1/users/checkAuth\",\"status\":\"304\",\"responseTime\":\"354.510\"}","timestamp":"2025-03-29T16:10:36.793Z"}
{"level":"\u001b[32minfo\u001b[39m","message":"{\"method\":\"GET\",\"url\":\"/api/v1/users/checkAuth\",\"status\":\"304\",\"responseTime\":\"185.433\"}","timestamp":"2025-03-29T16:10:36.990Z"}
{"level":"\u001b[32minfo\u001b[39m","message":"{\"method\":\"GET\",\"url\":\"/api/v1/users/checkAuth\",\"status\":\"304\",\"responseTime\":\"160.140\"}","timestamp":"2025-03-29T16:10:37.597Z"}
{"level":"\u001b[32minfo\u001b[39m","message":"{\"method\":\"GET\",\"url\":\"/api/v1/users/checkAuth\",\"status\":\"304\",\"responseTime\":\"99.186\"}","timestamp":"2025-03-29T16:10:37.699Z"}
{"level":"\u001b[32minfo\u001b[39m","message":"{\"method\":\"GET\",\"url\":\"/api/v1/users/checkAuth\",\"status\":\"304\",\"responseTime\":\"151.386\"}","timestamp":"2025-03-29T16:10:53.585Z"}
{"level":"\u001b[32minfo\u001b[39m","message":"{\"method\":\"GET\",\"url\":\"/api/v1/users/checkAuth\",\"status\":\"304\",\"responseTime\":\"90.177\"}","timestamp":"2025-03-29T16:10:53.678Z"}
{"level":"\u001b[32minfo\u001b[39m","message":"{\"method\":\"GET\",\"url\":\"/api/v1/users/checkAuth\",\"status\":\"304\",\"responseTime\":\"312.481\"}","timestamp":"2025-03-29T16:11:00.754Z"}
{"level":"\u001b[32minfo\u001b[39m","message":"{\"method\":\"GET\",\"url\":\"/api/v1/users/checkAuth\",\"status\":\"304\",\"responseTime\":\"203.394\"}","timestamp":"2025-03-29T16:11:00.962Z"}
{"level":"\u001b[32minfo\u001b[39m","message":"{\"method\":\"GET\",\"url\":\"/api/v1/users/checkAuth\",\"status\":\"304\",\"responseTime\":\"174.454\"}","timestamp":"2025-03-29T16:11:03.609Z"}
{"level":"\u001b[32minfo\u001b[39m","message":"{\"method\":\"GET\",\"url\":\"/api/v1/users/checkAuth\",\"status\":\"304\",\"responseTime\":\"101.934\"}","timestamp":"2025-03-29T16:11:03.714Z"}
{"level":"\u001b[32minfo\u001b[39m","message":"{\"method\":\"GET\",\"url\":\"/api/v1/users/checkAuth\",\"status\":\"304\",\"responseTime\":\"71.900\"}","timestamp":"2025-03-29T16:11:06.677Z"}
{"level":"\u001b[32minfo\u001b[39m","message":"{\"method\":\"GET\",\"url\":\"/api/v1/users/checkAuth\",\"status\":\"304\",\"responseTime\":\"399.619\"}","timestamp":"2025-03-29T16:11:07.079Z"}
{"level":"\u001b[32minfo\u001b[39m","message":"{\"method\":\"GET\",\"url\":\"/api/v1/users/checkAuth\",\"status\":\"304\",\"responseTime\":\"207.559\"}","timestamp":"2025-03-29T16:11:46.655Z"}
{"level":"\u001b[32minfo\u001b[39m","message":"{\"method\":\"GET\",\"url\":\"/api/v1/users/checkAuth\",\"status\":\"304\",\"responseTime\":\"88.210\"}","timestamp":"2025-03-29T16:11:46.746Z"}
{"level":"\u001b[32minfo\u001b[39m","message":"{\"method\":\"GET\",\"url\":\"/api/v1/ideas/getIdeas\",\"status\":\"304\",\"responseTime\":\"600.700\"}","timestamp":"2025-03-29T16:11:56.049Z"}
{"level":"\u001b[32minfo\u001b[39m","message":"{\"method\":\"GET\",\"url\":\"/api/v1/ideas/getIdeas\",\"status\":\"304\",\"responseTime\":\"610.222\"}","timestamp":"2025-03-29T16:11:56.664Z"}
{"level":"\u001b[32minfo\u001b[39m","message":"{\"method\":\"GET\",\"url\":\"/api/v1/users/checkAuth\",\"status\":\"304\",\"responseTime\":\"2124.381\"}","timestamp":"2025-03-29T16:11:57.575Z"}
{"level":"\u001b[32minfo\u001b[39m","message":"{\"method\":\"GET\",\"url\":\"/api/v1/users/checkAuth\",\"status\":\"304\",\"responseTime\":\"127.967\"}","timestamp":"2025-03-29T16:11:57.707Z"}
{"level":"\u001b[32minfo\u001b[39m","message":"{\"method\":\"GET\",\"url\":\"/api/v1/ideas/getIdeas\",\"status\":\"304\",\"responseTime\":\"278.093\"}","timestamp":"2025-03-29T16:11:57.881Z"}
{"level":"\u001b[32minfo\u001b[39m","message":"{\"method\":\"GET\",\"url\":\"/api/v1/ideas/getIdeas\",\"status\":\"304\",\"responseTime\":\"309.468\"}","timestamp":"2025-03-29T16:11:58.194Z"}
{"level":"\u001b[32minfo\u001b[39m","message":"{\"method\":\"GET\",\"url\":\"/api/v1/users/checkAuth\",\"status\":\"304\",\"responseTime\":\"101.780\"}","timestamp":"2025-03-29T16:12:08.535Z"}
{"level":"\u001b[32minfo\u001b[39m","message":"{\"method\":\"GET\",\"url\":\"/api/v1/ideas/getIdeas\",\"status\":\"304\",\"responseTime\":\"312.639\"}","timestamp":"2025-03-29T16:12:08.744Z"}
{"level":"\u001b[32minfo\u001b[39m","message":"{\"method\":\"GET\",\"url\":\"/api/v1/users/checkAuth\",\"status\":\"304\",\"responseTime\":\"206.255\"}","timestamp":"2025-03-29T16:12:08.749Z"}
{"level":"\u001b[32minfo\u001b[39m","message":"{\"method\":\"GET\",\"url\":\"/api/v1/ideas/getIdeas\",\"status\":\"304\",\"responseTime\":\"192.293\"}","timestamp":"2025-03-29T16:12:08.945Z"}
{"level":"\u001b[32minfo\u001b[39m","message":"{\"method\":\"GET\",\"url\":\"/api/v1/ideas/getIdeas\",\"status\":\"304\",\"responseTime\":\"222.133\"}","timestamp":"2025-03-29T16:12:09.170Z"}
{"level":"\u001b[32minfo\u001b[39m","message":"{\"method\":\"GET\",\"url\":\"/api/v1/ideas/getIdeas\",\"status\":\"304\",\"responseTime\":\"177.453\"}","timestamp":"2025-03-29T16:12:09.350Z"}
{"level":"\u001b[32minfo\u001b[39m","message":"{\"method\":\"GET\",\"url\":\"/api/v1/ideas/getIdeas\",\"status\":\"304\",\"responseTime\":\"205.560\"}","timestamp":"2025-03-29T16:12:10.640Z"}
{"level":"\u001b[32minfo\u001b[39m","message":"{\"method\":\"GET\",\"url\":\"/api/v1/ideas/getIdeas\",\"status\":\"304\",\"responseTime\":\"470.705\"}","timestamp":"2025-03-29T16:12:15.905Z"}
{"level":"\u001b[32minfo\u001b[39m","message":"{\"method\":\"GET\",\"url\":\"/api/v1/ideas/getIdeas\",\"status\":\"304\",\"responseTime\":\"211.870\"}","timestamp":"2025-03-29T16:12:16.652Z"}
{"level":"\u001b[32minfo\u001b[39m","message":"{\"method\":\"GET\",\"url\":\"/api/v1/ideas/getIdeas\",\"status\":\"304\",\"responseTime\":\"256.093\"}","timestamp":"2025-03-29T16:12:23.693Z"}
{"level":"\u001b[32minfo\u001b[39m","message":"{\"method\":\"GET\",\"url\":\"/api/v1/ideas/getIdeas\",\"status\":\"304\",\"responseTime\":\"497.458\"}","timestamp":"2025-03-29T16:12:26.925Z"}
{"level":"\u001b[32minfo\u001b[39m","message":"{\"method\":\"GET\",\"url\":\"/api/v1/ideas/getIdeas\",\"status\":\"304\",\"responseTime\":\"166.219\"}","timestamp":"2025-03-29T16:12:32.608Z"}
{"level":"\u001b[32minfo\u001b[39m","message":"{\"method\":\"GET\",\"url\":\"/api/v1/ideas/getIdeas\",\"status\":\"304\",\"responseTime\":\"616.117\"}","timestamp":"2025-03-29T16:12:35.054Z"}
{"level":"\u001b[32minfo\u001b[39m","message":"{\"method\":\"GET\",\"url\":\"/api/v1/ideas/getIdeas\",\"status\":\"304\",\"responseTime\":\"344.100\"}","timestamp":"2025-03-29T16:13:05.778Z"}
{"level":"\u001b[32minfo\u001b[39m","message":"{\"method\":\"GET\",\"url\":\"/api/v1/ideas/getIdeas\",\"status\":\"304\",\"responseTime\":\"342.470\"}","timestamp":"2025-03-29T16:13:19.787Z"}
{"level":"\u001b[32minfo\u001b[39m","message":"{\"method\":\"GET\",\"url\":\"/api/v1/ideas/getIdeas\",\"status\":\"304\",\"responseTime\":\"274.250\"}","timestamp":"2025-03-29T16:13:24.724Z"}
{"level":"\u001b[32minfo\u001b[39m","message":"{\"method\":\"GET\",\"url\":\"/api/v1/ideas/getIdeas\",\"status\":\"304\",\"responseTime\":\"265.537\"}","timestamp":"2025-03-29T16:16:00.684Z"}
{"level":"\u001b[32minfo\u001b[39m","message":"{\"method\":\"GET\",\"url\":\"/api/v1/ideas/getIdeas\",\"status\":\"304\",\"responseTime\":\"314.157\"}","timestamp":"2025-03-29T16:16:01.001Z"}
{"level":"\u001b[32minfo\u001b[39m","message":"{\"method\":\"GET\",\"url\":\"/api/v1/ideas/searchIdea?query=rtrtrt\",\"status\":\"200\",\"responseTime\":\"461.695\"}","timestamp":"2025-03-29T16:16:04.060Z"}
{"level":"\u001b[32minfo\u001b[39m","message":"{\"method\":\"GET\",\"url\":\"/api/v1/ideas/getIdeas\",\"status\":\"304\",\"responseTime\":\"309.757\"}","timestamp":"2025-03-29T16:16:45.029Z"}
{"level":"\u001b[32minfo\u001b[39m","message":"{\"method\":\"GET\",\"url\":\"/api/v1/ideas/searchIdea?query=rtrtrt\",\"status\":\"304\",\"responseTime\":\"126.129\"}","timestamp":"2025-03-29T16:16:47.480Z"}
{"level":"\u001b[32minfo\u001b[39m","message":"{\"method\":\"GET\",\"url\":\"/api/v1/ideas/searchIdea?query=rtrtrt\",\"status\":\"304\",\"responseTime\":\"150.997\"}","timestamp":"2025-03-29T16:17:08.576Z"}
{"level":"\u001b[32minfo\u001b[39m","message":"{\"method\":\"GET\",\"url\":\"/api/v1/ideas/searchIdea?query=rtrtrt\",\"status\":\"304\",\"responseTime\":\"186.376\"}","timestamp":"2025-03-29T16:17:14.619Z"}
{"level":"\u001b[32minfo\u001b[39m","message":"{\"method\":\"GET\",\"url\":\"/api/v1/ideas/getIdeas\",\"status\":\"304\",\"responseTime\":\"164.010\"}","timestamp":"2025-03-29T16:17:17.225Z"}
{"level":"\u001b[32minfo\u001b[39m","message":"{\"method\":\"GET\",\"url\":\"/api/v1/users/checkAuth\",\"status\":\"304\",\"responseTime\":\"136.240\"}","timestamp":"2025-03-29T16:17:22.300Z"}
{"level":"\u001b[32minfo\u001b[39m","message":"{\"method\":\"GET\",\"url\":\"/api/v1/users/checkAuth\",\"status\":\"304\",\"responseTime\":\"197.694\"}","timestamp":"2025-03-29T16:17:22.502Z"}
{"level":"\u001b[32minfo\u001b[39m","message":"{\"method\":\"GET\",\"url\":\"/api/v1/ideas/getIdeas\",\"status\":\"304\",\"responseTime\":\"347.201\"}","timestamp":"2025-03-29T16:17:22.706Z"}
{"level":"\u001b[32minfo\u001b[39m","message":"{\"method\":\"GET\",\"url\":\"/api/v1/ideas/getIdeas\",\"status\":\"304\",\"responseTime\":\"197.757\"}","timestamp":"2025-03-29T16:17:22.912Z"}
{"level":"\u001b[32minfo\u001b[39m","message":"{\"method\":\"GET\",\"url\":\"/api/v1/ideas/searchIdea?query=er\",\"status\":\"200\",\"responseTime\":\"84.660\"}","timestamp":"2025-03-29T16:17:27.157Z"}
{"level":"\u001b[32minfo\u001b[39m","message":"{\"method\":\"GET\",\"url\":\"/api/v1/users/checkAuth\",\"status\":\"304\",\"responseTime\":\"195.723\"}","timestamp":"2025-03-29T16:17:32.856Z"}
{"level":"\u001b[32minfo\u001b[39m","message":"{\"method\":\"GET\",\"url\":\"/api/v1/users/checkAuth\",\"status\":\"304\",\"responseTime\":\"88.253\"}","timestamp":"2025-03-29T16:17:32.947Z"}
{"level":"\u001b[32minfo\u001b[39m","message":"{\"method\":\"GET\",\"url\":\"/api/v1/ideas/searchIdea?query=er\",\"status\":\"304\",\"responseTime\":\"158.415\"}","timestamp":"2025-03-29T16:17:33.048Z"}
{"level":"\u001b[32minfo\u001b[39m","message":"{\"method\":\"GET\",\"url\":\"/api/v1/ideas/searchIdea?query=er\",\"status\":\"304\",\"responseTime\":\"103.357\"}","timestamp":"2025-03-29T16:17:33.155Z"}
{"level":"\u001b[32minfo\u001b[39m","message":"{\"method\":\"GET\",\"url\":\"/api/v1/ideas/getIdeas\",\"status\":\"304\",\"responseTime\":\"600.707\"}","timestamp":"2025-03-29T16:17:38.581Z"}
{"level":"\u001b[32minfo\u001b[39m","message":"{\"method\":\"GET\",\"url\":\"/api/v1/ideas/getIdeas\",\"status\":\"304\",\"responseTime\":\"260.140\"}","timestamp":"2025-03-29T16:17:47.692Z"}
{"level":"\u001b[32minfo\u001b[39m","message":"{\"method\":\"GET\",\"url\":\"/api/v1/users/checkAuth\",\"status\":\"304\",\"responseTime\":\"74.865\"}","timestamp":"2025-03-29T16:20:40.329Z"}
{"level":"\u001b[32minfo\u001b[39m","message":"{\"method\":\"GET\",\"url\":\"/api/v1/users/checkAuth\",\"status\":\"304\",\"responseTime\":\"74.671\"}","timestamp":"2025-03-29T16:20:40.406Z"}
{"level":"\u001b[32minfo\u001b[39m","message":"{\"method\":\"GET\",\"url\":\"/api/v1/ideas/getIdeas\",\"status\":\"304\",\"responseTime\":\"494.771\"}","timestamp":"2025-03-29T16:20:40.861Z"}
{"level":"\u001b[32minfo\u001b[39m","message":"{\"method\":\"GET\",\"url\":\"/api/v1/ideas/getIdeas\",\"status\":\"304\",\"responseTime\":\"511.792\"}","timestamp":"2025-03-29T16:20:41.376Z"}
